0 info it worked if it ends with ok
1 verbose cli [ '/usr/bin/node', '/usr/bin/npm', 'i', '-g', 'bower' ]
2 info using npm@3.10.10
3 info using node@v6.11.3
4 silly loadCurrentTree Starting
5 silly install loadCurrentTree
6 silly install readGlobalPackageData
7 silly fetchPackageMetaData bower
8 silly fetchNamedPackageData bower
9 silly mapToRegistry name bower
10 silly mapToRegistry using default registry
11 silly mapToRegistry registry https://registry.npmjs.org/
12 silly mapToRegistry data Result {
12 silly mapToRegistry   raw: 'bower',
12 silly mapToRegistry   scope: null,
12 silly mapToRegistry   escapedName: 'bower',
12 silly mapToRegistry   name: 'bower',
12 silly mapToRegistry   rawSpec: '',
12 silly mapToRegistry   spec: 'latest',
12 silly mapToRegistry   type: 'tag' }
13 silly mapToRegistry uri https://registry.npmjs.org/bower
14 verbose request uri https://registry.npmjs.org/bower
15 verbose request no auth needed
16 info attempt registry request try #1 at 21:18:16
17 verbose request id 999b2599dc733919
18 verbose etag "59f6fd0f-30039"
19 verbose lastModified Mon, 30 Oct 2017 10:21:03 GMT
20 http request GET https://registry.npmjs.org/bower
21 http 200 https://registry.npmjs.org/bower
22 verbose headers { date: 'Tue, 11 Dec 2018 12:18:17 GMT',
22 verbose headers   'content-type': 'application/json',
22 verbose headers   'transfer-encoding': 'chunked',
22 verbose headers   connection: 'keep-alive',
22 verbose headers   'set-cookie': [ '__cfduid=d9d29f43bdec8a851af7c721377d572651544530697; expires=Wed, 11-Dec-19 12:18:17 GMT; path=/; domain=.registry.npmjs.org; HttpOnly' ],
22 verbose headers   'cf-cache-status': 'HIT',
22 verbose headers   'cache-control': 'max-age=300',
22 verbose headers   'cf-ray': '4877e498ce81ae5d-KIX',
22 verbose headers   etag: 'W/"5b3e7505d04fb9e0292560b4ede35a9f"',
22 verbose headers   'expect-ct': 'max-age=604800, report-uri="https://report-uri.cloudflare.com/cdn-cgi/beacon/expect-ct"',
22 verbose headers   'last-modified': 'Thu, 06 Dec 2018 16:16:27 GMT',
22 verbose headers   vary: 'accept-encoding, accept',
22 verbose headers   'x-amz-meta-rev': '1027-9b4afeb9635878bbc7db89068da8bbd9',
22 verbose headers   server: 'cloudflare',
22 verbose headers   'content-encoding': 'gzip' }
23 silly get cb [ 200,
23 silly get   { date: 'Tue, 11 Dec 2018 12:18:17 GMT',
23 silly get     'content-type': 'application/json',
23 silly get     'transfer-encoding': 'chunked',
23 silly get     connection: 'keep-alive',
23 silly get     'set-cookie': [ '__cfduid=d9d29f43bdec8a851af7c721377d572651544530697; expires=Wed, 11-Dec-19 12:18:17 GMT; path=/; domain=.registry.npmjs.org; HttpOnly' ],
23 silly get     'cf-cache-status': 'HIT',
23 silly get     'cache-control': 'max-age=300',
23 silly get     'cf-ray': '4877e498ce81ae5d-KIX',
23 silly get     etag: 'W/"5b3e7505d04fb9e0292560b4ede35a9f"',
23 silly get     'expect-ct': 'max-age=604800, report-uri="https://report-uri.cloudflare.com/cdn-cgi/beacon/expect-ct"',
23 silly get     'last-modified': 'Thu, 06 Dec 2018 16:16:27 GMT',
23 silly get     vary: 'accept-encoding, accept',
23 silly get     'x-amz-meta-rev': '1027-9b4afeb9635878bbc7db89068da8bbd9',
23 silly get     server: 'cloudflare',
23 silly get     'content-encoding': 'gzip' } ]
24 verbose get saving bower to /home/vagrant/.npm/registry.npmjs.org/bower/.cache.json
25 verbose correctMkdir /home/vagrant/.npm correctMkdir not in flight; initializing
26 silly install normalizeTree
27 silly loadCurrentTree Finishing
28 silly loadIdealTree Starting
29 silly install loadIdealTree
30 silly cloneCurrentTree Starting
31 silly install cloneCurrentTreeToIdealTree
32 silly cloneCurrentTree Finishing
33 silly loadShrinkwrap Starting
34 silly install loadShrinkwrap
35 silly loadShrinkwrap Finishing
36 silly loadAllDepsIntoIdealTree Starting
37 silly install loadAllDepsIntoIdealTree
38 silly resolveWithNewModule bower@1.8.4 checking installable status
39 silly cache add args [ 'bower', null ]
40 verbose cache add spec bower
41 silly cache add parsed spec Result {
41 silly cache add   raw: 'bower',
41 silly cache add   scope: null,
41 silly cache add   escapedName: 'bower',
41 silly cache add   name: 'bower',
41 silly cache add   rawSpec: '',
41 silly cache add   spec: 'latest',
41 silly cache add   type: 'tag' }
42 silly addNamed bower@latest
43 verbose addNamed "latest" is being treated as a dist-tag for bower
44 info addNameTag [ 'bower', 'latest' ]
45 silly mapToRegistry name bower
46 silly mapToRegistry using default registry
47 silly mapToRegistry registry https://registry.npmjs.org/
48 silly mapToRegistry data Result {
48 silly mapToRegistry   raw: 'bower',
48 silly mapToRegistry   scope: null,
48 silly mapToRegistry   escapedName: 'bower',
48 silly mapToRegistry   name: 'bower',
48 silly mapToRegistry   rawSpec: '',
48 silly mapToRegistry   spec: 'latest',
48 silly mapToRegistry   type: 'tag' }
49 silly mapToRegistry uri https://registry.npmjs.org/bower
50 verbose addNameTag registry:https://registry.npmjs.org/bower not in flight; fetching
51 verbose get https://registry.npmjs.org/bower not expired, no request
52 silly addNameTag next cb for bower with tag latest
53 silly addNamed bower@1.8.4
54 verbose addNamed "1.8.4" is a plain semver version for bower
55 warn deprecated bower@1.8.4: We don't recommend using Bower for new projects. Please consider Yarn and Webpack or Parcel. You can read how to migrate legacy project here: https://bower.io/blog/2017/how-to-migrate-away-from-bower/
56 silly mapToRegistry name bower
57 silly mapToRegistry using default registry
58 silly mapToRegistry registry https://registry.npmjs.org/
59 silly mapToRegistry data Result {
59 silly mapToRegistry   raw: 'bower',
59 silly mapToRegistry   scope: null,
59 silly mapToRegistry   escapedName: 'bower',
59 silly mapToRegistry   name: 'bower',
59 silly mapToRegistry   rawSpec: '',
59 silly mapToRegistry   spec: 'latest',
59 silly mapToRegistry   type: 'tag' }
60 silly mapToRegistry uri https://registry.npmjs.org/bower
61 verbose addRemoteTarball https://registry.npmjs.org/bower/-/bower-1.8.4.tgz not in flight; adding
62 verbose addRemoteTarball [ 'https://registry.npmjs.org/bower/-/bower-1.8.4.tgz',
62 verbose addRemoteTarball   'e7876a076deb8137f7d06525dc5e8c66db82f28a' ]
63 info retry fetch attempt 1 at 21:18:17
64 info attempt registry request try #1 at 21:18:17
65 http fetch GET https://registry.npmjs.org/bower/-/bower-1.8.4.tgz
66 http fetch 200 https://registry.npmjs.org/bower/-/bower-1.8.4.tgz
67 silly fetchAndShaCheck shasum e7876a076deb8137f7d06525dc5e8c66db82f28a
68 verbose addTmpTarball /tmp/npm-32154-82df742f/registry.npmjs.org/bower/-/bower-1.8.4.tgz not in flight; adding
69 verbose addTmpTarball already have metadata; skipping unpack for bower@1.8.4
70 verbose correctMkdir /home/vagrant/.npm correctMkdir not in flight; initializing
71 silly cache afterAdd bower@1.8.4
72 verbose afterAdd /home/vagrant/.npm/bower/1.8.4/package/package.json not in flight; writing
73 verbose correctMkdir /home/vagrant/.npm correctMkdir not in flight; initializing
74 verbose afterAdd /home/vagrant/.npm/bower/1.8.4/package/package.json written
75 silly loadAllDepsIntoIdealTree Finishing
76 silly loadIdealTree Finishing
77 silly currentTree lib
77 silly currentTree └── bower@1.8.2
78 silly idealTree lib
78 silly idealTree └── bower@1.8.4
79 silly generateActionsToTake Starting
80 silly install generateActionsToTake
81 warn checkPermissions Missing write access to /usr/lib/node_modules/bower
82 warn checkPermissions Missing write access to /usr/lib/node_modules
83 silly rollbackFailedOptional Starting
84 silly rollbackFailedOptional Finishing
85 silly runTopLevelLifecycles Finishing
86 silly install printInstalled
87 verbose stack Error: EACCES: permission denied, access '/usr/lib/node_modules/bower'
87 verbose stack     at Error (native)
88 verbose cwd /var/www/auction
89 error Linux 3.10.0-693.5.2.el7.x86_64
90 error argv "/usr/bin/node" "/usr/bin/npm" "i" "-g" "bower"
91 error node v6.11.3
92 error npm  v3.10.10
93 error path /usr/lib/node_modules/bower
94 error code EACCES
95 error errno -13
96 error syscall access
97 error Error: EACCES: permission denied, access '/usr/lib/node_modules/bower'
97 error     at Error (native)
97 error  { Error: EACCES: permission denied, access '/usr/lib/node_modules/bower'
97 error     at Error (native)
97 error   errno: -13,
97 error   code: 'EACCES',
97 error   syscall: 'access',
97 error   path: '/usr/lib/node_modules/bower' }
98 error Please try running this command again as root/Administrator.
99 verbose exit [ -13, true ]
